<?xml version="1.0" encoding="UTF-8"?>
<testng-results skipped="0" failed="0" total="1" passed="1">
  <reporter-output>
  </reporter-output>
  <suite name="Default suite" duration-ms="24059" started-at="2019-02-11T09:29:11Z" finished-at="2019-02-11T09:29:35Z">
    <groups>
    </groups>
    <test name="Default test" duration-ms="24059" started-at="2019-02-11T09:29:11Z" finished-at="2019-02-11T09:29:35Z">
      <class name="org.automation.signet.testcases.TC_001_SignetLogin">
        <test-method status="PASS" signature="initiateDriverInstance()[pri:0, instance:org.automation.signet.testcases.TC_001_SignetLogin@1bce4f0a]" name="initiateDriverInstance" is-config="true" duration-ms="12947" started-at="2019-02-11T14:59:11Z" finished-at="2019-02-11T14:59:24Z">
          <reporter-output>
          </reporter-output>
        </test-method> <!-- initiateDriverInstance -->
        <test-method status="PASS" signature="tc_001_login()[pri:0, instance:org.automation.signet.testcases.TC_001_SignetLogin@1bce4f0a]" name="tc_001_login" duration-ms="9535" started-at="2019-02-11T14:59:24Z" finished-at="2019-02-11T14:59:33Z">
          <reporter-output>
          </reporter-output>
        </test-method> <!-- tc_001_login -->
        <test-method status="PASS" signature="closeDriverInstance()[pri:0, instance:org.automation.signet.testcases.TC_001_SignetLogin@1bce4f0a]" name="closeDriverInstance" is-config="true" duration-ms="1555" started-at="2019-02-11T14:59:33Z" finished-at="2019-02-11T14:59:35Z">
          <reporter-output>
          </reporter-output>
        </test-method> <!-- closeDriverInstance -->
        <test-method status="PASS" signature="generateReport()[pri:0, instance:org.automation.signet.testcases.TC_001_SignetLogin@1bce4f0a]" name="generateReport" is-config="true" duration-ms="0" started-at="2019-02-11T14:59:35Z" finished-at="2019-02-11T14:59:35Z">
          <reporter-output>
          </reporter-output>
        </test-method> <!-- generateReport -->
      </class> <!-- org.automation.signet.testcases.TC_001_SignetLogin -->
    </test> <!-- Default test -->
  </suite> <!-- Default suite -->
</testng-results>
